<?xml version="1.0" encoding="UTF-8"?>
<testsuite name="dev.solar.parsingreqdata.ParsingreqdataApplicationTests" tests="1" skipped="0" failures="0" errors="0" timestamp="2020-04-21T04:54:41" hostname="gimseononguiMBP" time="0.974">
  <properties/>
  <testcase name="파싱()" classname="dev.solar.parsingreqdata.ParsingreqdataApplicationTests" time="0.974"/>
  <system-out><![CDATA[13:54:39.117 [Test worker] DEBUG org.springframework.test.context.BootstrapUtils - Instantiating CacheAwareContextLoaderDelegate from class [org.springframework.test.context.cache.DefaultCacheAwareContextLoaderDelegate]
13:54:39.133 [Test worker] DEBUG org.springframework.test.context.BootstrapUtils - Instantiating BootstrapContext using constructor [public org.springframework.test.context.support.DefaultBootstrapContext(java.lang.Class,org.springframework.test.context.CacheAwareContextLoaderDelegate)]
13:54:39.165 [Test worker] DEBUG org.springframework.test.context.BootstrapUtils - Instantiating TestContextBootstrapper for test class [dev.solar.parsingreqdata.ParsingreqdataApplicationTests] from class [org.springframework.boot.test.context.SpringBootTestContextBootstrapper]
13:54:39.192 [Test worker] INFO org.springframework.boot.test.context.SpringBootTestContextBootstrapper - Neither @ContextConfiguration nor @ContextHierarchy found for test class [dev.solar.parsingreqdata.ParsingreqdataApplicationTests], using SpringBootContextLoader
13:54:39.199 [Test worker] DEBUG org.springframework.test.context.support.AbstractContextLoader - Did not detect default resource location for test class [dev.solar.parsingreqdata.ParsingreqdataApplicationTests]: class path resource [dev/solar/parsingreqdata/ParsingreqdataApplicationTests-context.xml] does not exist
13:54:39.200 [Test worker] DEBUG org.springframework.test.context.support.AbstractContextLoader - Did not detect default resource location for test class [dev.solar.parsingreqdata.ParsingreqdataApplicationTests]: class path resource [dev/solar/parsingreqdata/ParsingreqdataApplicationTestsContext.groovy] does not exist
13:54:39.201 [Test worker] INFO org.springframework.test.context.support.AbstractContextLoader - Could not detect default resource locations for test class [dev.solar.parsingreqdata.ParsingreqdataApplicationTests]: no resource found for suffixes {-context.xml, Context.groovy}.
13:54:39.202 [Test worker] INFO org.springframework.test.context.support.AnnotationConfigContextLoaderUtils - Could not detect default configuration classes for test class [dev.solar.parsingreqdata.ParsingreqdataApplicationTests]: ParsingreqdataApplicationTests does not declare any static, non-private, non-final, nested classes annotated with @Configuration.
13:54:39.253 [Test worker] DEBUG org.springframework.test.context.support.ActiveProfilesUtils - Could not find an 'annotation declaring class' for annotation type [org.springframework.test.context.ActiveProfiles] and class [dev.solar.parsingreqdata.ParsingreqdataApplicationTests]
13:54:39.340 [Test worker] DEBUG org.springframework.context.annotation.ClassPathScanningCandidateComponentProvider - Identified candidate component class: file [/Users/ssun/Codesquad/Project/sidedish-03/parsingreqdata/build/classes/java/main/dev/solar/parsingreqdata/ParsingreqdataApplication.class]
13:54:39.343 [Test worker] INFO org.springframework.boot.test.context.SpringBootTestContextBootstrapper - Found @SpringBootConfiguration dev.solar.parsingreqdata.ParsingreqdataApplication for test class dev.solar.parsingreqdata.ParsingreqdataApplicationTests
13:54:39.467 [Test worker] DEBUG org.springframework.boot.test.context.SpringBootTestContextBootstrapper - @TestExecutionListeners is not present for class [dev.solar.parsingreqdata.ParsingreqdataApplicationTests]: using defaults.
13:54:39.468 [Test worker] INFO org.springframework.boot.test.context.SpringBootTestContextBootstrapper - Loaded default TestExecutionListener class names from location [META-INF/spring.factories]: [org.springframework.boot.test.autoconfigure.restdocs.RestDocsTestExecutionListener, org.springframework.boot.test.autoconfigure.web.client.MockRestServiceServerResetTestExecutionListener, org.springframework.boot.test.autoconfigure.web.servlet.MockMvcPrintOnlyOnFailureTestExecutionListener, org.springframework.boot.test.autoconfigure.web.servlet.WebDriverTestExecutionListener, org.springframework.boot.test.mock.mockito.MockitoTestExecutionListener, org.springframework.boot.test.mock.mockito.ResetMocksTestExecutionListener, org.springframework.test.context.web.ServletTestExecutionListener, org.springframework.test.context.support.DirtiesContextBeforeModesTestExecutionListener, org.springframework.test.context.support.DependencyInjectionTestExecutionListener, org.springframework.test.context.support.DirtiesContextTestExecutionListener, org.springframework.test.context.transaction.TransactionalTestExecutionListener, org.springframework.test.context.jdbc.SqlScriptsTestExecutionListener, org.springframework.test.context.event.EventPublishingTestExecutionListener]
13:54:39.483 [Test worker] DEBUG org.springframework.boot.test.context.SpringBootTestContextBootstrapper - Skipping candidate TestExecutionListener [org.springframework.test.context.transaction.TransactionalTestExecutionListener] due to a missing dependency. Specify custom listener classes or make the default listener classes and their required dependencies available. Offending class: [org/springframework/transaction/interceptor/TransactionAttributeSource]
13:54:39.483 [Test worker] DEBUG org.springframework.boot.test.context.SpringBootTestContextBootstrapper - Skipping candidate TestExecutionListener [org.springframework.test.context.jdbc.SqlScriptsTestExecutionListener] due to a missing dependency. Specify custom listener classes or make the default listener classes and their required dependencies available. Offending class: [org/springframework/transaction/interceptor/TransactionAttribute]
13:54:39.484 [Test worker] INFO org.springframework.boot.test.context.SpringBootTestContextBootstrapper - Using TestExecutionListeners: [org.springframework.test.context.web.ServletTestExecutionListener@5e7da99b, org.springframework.test.context.support.DirtiesContextBeforeModesTestExecutionListener@5d451a52, org.springframework.boot.test.mock.mockito.MockitoTestExecutionListener@4d856eb9, org.springframework.boot.test.autoconfigure.SpringBootDependencyInjectionTestExecutionListener@5ef31840, org.springframework.test.context.support.DirtiesContextTestExecutionListener@6d715374, org.springframework.test.context.event.EventPublishingTestExecutionListener@18935302, org.springframework.boot.test.autoconfigure.restdocs.RestDocsTestExecutionListener@7e05160f, org.springframework.boot.test.autoconfigure.web.client.MockRestServiceServerResetTestExecutionListener@38f22097, org.springframework.boot.test.autoconfigure.web.servlet.MockMvcPrintOnlyOnFailureTestExecutionListener@5f7f3e0e, org.springframework.boot.test.autoconfigure.web.servlet.WebDriverTestExecutionListener@5d767da0, org.springframework.boot.test.mock.mockito.ResetMocksTestExecutionListener@b15ad6f]
13:54:39.488 [Test worker] DEBUG org.springframework.test.context.support.AbstractDirtiesContextTestExecutionListener - Before test class: context [DefaultTestContext@3c101b22 testClass = ParsingreqdataApplicationTests, testInstance = [null], testMethod = [null], testException = [null], mergedContextConfiguration = [WebMergedContextConfiguration@3d0b1669 testClass = ParsingreqdataApplicationTests, locations = '{}', classes = '{class dev.solar.parsingreqdata.ParsingreqdataApplication}', contextInitializerClasses = '[]', activeProfiles = '{}', propertySourceLocations = '{}', propertySourceProperties = '{org.springframework.boot.test.context.SpringBootTestContextBootstrapper=true}', contextCustomizers = set[org.springframework.boot.test.autoconfigure.properties.PropertyMappingContextCustomizer@0, org.springframework.boot.test.autoconfigure.web.servlet.WebDriverContextCustomizerFactory$Customizer@74f4e17f, org.springframework.boot.test.context.filter.ExcludeFilterContextCustomizer@7613ec60, org.springframework.boot.test.json.DuplicateJsonObjectContextCustomizerFactory$DuplicateJsonObjectContextCustomizer@668c170a, org.springframework.boot.test.mock.mockito.MockitoContextCustomizer@0, org.springframework.boot.test.web.client.TestRestTemplateContextCustomizer@7b6810ec], resourceBasePath = 'src/main/webapp', contextLoader = 'org.springframework.boot.test.context.SpringBootContextLoader', parent = [null]], attributes = map['org.springframework.test.context.web.ServletTestExecutionListener.activateListener' -> true]], class annotated with @DirtiesContext [false] with mode [null].
13:54:39.529 [Test worker] DEBUG org.springframework.test.context.support.TestPropertySourceUtils - Adding inlined properties to environment: {spring.jmx.enabled=false, org.springframework.boot.test.context.SpringBootTestContextBootstrapper=true, server.port=-1}

  .   ____          _            __ _ _
 /\\ / ___'_ __ _ _(_)_ __  __ _ \ \ \ \
( ( )\___ | '_ | '_| | '_ \/ _` | \ \ \ \
 \\/  ___)| |_)| | | | | || (_| |  ) ) ) )
  '  |____| .__|_| |_|_| |_\__, | / / / /
 =========|_|==============|___/=/_/_/_/
 :: Spring Boot ::        (v2.2.6.RELEASE)

2020-04-21 13:54:39.842  INFO 93691 --- [    Test worker] d.s.p.ParsingreqdataApplicationTests     : Starting ParsingreqdataApplicationTests on gimseononguiMBP with PID 93691 (started by ssun in /Users/ssun/Codesquad/Project/sidedish-03/parsingreqdata)
2020-04-21 13:54:39.843 DEBUG 93691 --- [    Test worker] d.s.p.ParsingreqdataApplicationTests     : Running with Spring Boot v2.2.6.RELEASE, Spring v5.2.5.RELEASE
2020-04-21 13:54:39.844  INFO 93691 --- [    Test worker] d.s.p.ParsingreqdataApplicationTests     : No active profile set, falling back to default profiles: default
2020-04-21 13:54:41.283  INFO 93691 --- [    Test worker] o.s.s.concurrent.ThreadPoolTaskExecutor  : Initializing ExecutorService 'applicationTaskExecutor'
2020-04-21 13:54:41.690  INFO 93691 --- [    Test worker] d.s.p.ParsingreqdataApplicationTests     : Started ParsingreqdataApplicationTests in 2.146 seconds (JVM running for 3.42)
2020-04-21 13:54:42.653 DEBUG 93691 --- [    Test worker] d.s.p.ParsingreqdataApplicationTests     : response : <200,{"statusCode":200,"body":[{"hash":"HBDEF","data":{"top_image":"http://public.codesquad.kr/jk/storeapp/data/detail/HBDEF/4cce011a4a352c22cd399a60271b4921.jpg","thumb_images":["http://public.codesquad.kr/jk/storeapp/data/detail/HBDEF/4cce011a4a352c22cd399a60271b4921.jpg","http://public.codesquad.kr/jk/storeapp/data/detail/HBDEF/6ef14155afc5b47e8c9efd762f7a6096.jpg","http://public.codesquad.kr/jk/storeapp/data/detail/HBDEF/8744504ff3bc315f901dca1f26fe63a1.jpg","http://public.codesquad.kr/jk/storeapp/data/detail/HBDEF/e30bd6de9340fc05db3cd1d1329b2c56.jpg"],"product_description":"일본인의 소울푸드! 한국인도 좋아하는 소고기덮밥","point":"52원","delivery_info":"서울 경기 새벽배송 / 전국택배 (제주 및 도서산간 불가) [월 · 화 · 수 · 목 · 금 · 토] 수령 가능한 상품입니다.","delivery_fee":"2,500원 (40,000원 이상 구매 시 무료)","prices":["6,500원","5,200원"],"detail_section":["http://public.codesquad.kr/jk/storeapp/data/detail/HBDEF/9c2c53b40a11b79c90549a058c2da4b7.jpg","http://public.codesquad.kr/jk/storeapp/data/detail/HBDEF/70b0c77d3ef5cdd6269588685bbefe43.jpg","http://public.codesquad.kr/jk/storeapp/data/detail/HBDEF/72f1049b047f65f42a267d5bbd1e6204.jpg","http://public.codesquad.kr/jk/storeapp/data/detail/HBDEF/768afd17faa8bf3461b8160ba0aa26bf.jpg","http://public.codesquad.kr/jk/storeapp/data/detail/HBDEF/95816f09d3294641f2e0feacaa739991.jpg","http://public.codesquad.kr/jk/storeapp/data/detail/HBDEF/2450219a4686d9d6d579fc04020929b4.jpg","http://public.codesquad.kr/jk/storeapp/data/detail/HBDEF/4971475295545ec336c9479fabb25364.jpg","http://public.codesquad.kr/jk/storeapp/data/detail/HBDEF/a8c434715709fe855f3ea1554ec362b6.jpg","http://public.codesquad.kr/jk/storeapp/data/detail/HBDEF/b2b3d0d2107ab91b16e0eb804cd84bc9.jpg","http://public.codesquad.kr/jk/storeapp/data/detail/HBDEF/c0dd6887c9d9368604fc70d7fc3c4598.jpg"]}},{"hash":"H82A2","data":{"top_image":"http://public.codesquad.kr/jk/storeapp/data/detail/HBDEF/4cce011a4a352c22cd399a60271b4921.jpg","thumb_images":["http://public.codesquad.kr/jk/storeapp/data/detail/HBDEF/4cce011a4a352c22cd399a60271b4921.jpg","http://public.codesquad.kr/jk/storeapp/data/detail/HBDEF/6ef14155afc5b47e8c9efd762f7a6096.jpg","http://public.codesquad.kr/jk/storeapp/data/detail/HBDEF/8744504ff3bc315f901dca1f26fe63a1.jpg","http://public.codesquad.kr/jk/storeapp/data/detail/HBDEF/e30bd6de9340fc05db3cd1d1329b2c56.jpg"],"product_description":"아이반찬과 다이어트 반찬으로 일석이조!","point":"49원","delivery_info":"서울 경기 새벽배송 / 전국택배 (제주 및 도서산간 불가) [화 · 수 · 목 · 금 · 토] 수령 가능한 상품입니다.","delivery_fee":"2,500원 (40,000원 이상 구매 시 무료)","prices":["4,900원"],"detail_section":["http://public.codesquad.kr/jk/storeapp/data/detail/HBDEF/9c2c53b40a11b79c90549a058c2da4b7.jpg","http://public.codesquad.kr/jk/storeapp/data/detail/HBDEF/70b0c77d3ef5cdd6269588685bbefe43.jpg","http://public.codesquad.kr/jk/storeapp/data/detail/HBDEF/72f1049b047f65f42a267d5bbd1e6204.jpg","http://public.codesquad.kr/jk/storeapp/data/detail/HBDEF/768afd17faa8bf3461b8160ba0aa26bf.jpg","http://public.codesquad.kr/jk/storeapp/data/detail/HBDEF/95816f09d3294641f2e0feacaa739991.jpg","http://public.codesquad.kr/jk/storeapp/data/detail/HBDEF/2450219a4686d9d6d579fc04020929b4.jpg","http://public.codesquad.kr/jk/storeapp/data/detail/HBDEF/4971475295545ec336c9479fabb25364.jpg","http://public.codesquad.kr/jk/storeapp/data/detail/HBDEF/a8c434715709fe855f3ea1554ec362b6.jpg","http://public.codesquad.kr/jk/storeapp/data/detail/HBDEF/b2b3d0d2107ab91b16e0eb804cd84bc9.jpg","http://public.codesquad.kr/jk/storeapp/data/detail/HBDEF/c0dd6887c9d9368604fc70d7fc3c4598.jpg"]}},{"hash":"H213E","data":{"top_image":"http://public.codesquad.kr/jk/storeapp/data/detail/HBDEF/4cce011a4a352c22cd399a60271b4921.jpg","thumb_images":["http://public.codesquad.kr/jk/storeapp/data/detail/HBDEF/4cce011a4a352c22cd399a60271b4921.jpg","http://public.codesquad.kr/jk/storeapp/data/detail/HBDEF/6ef14155afc5b47e8c9efd762f7a6096.jpg","http://public.codesquad.kr/jk/storeapp/data/detail/HBDEF/8744504ff3bc315f901dca1f26fe63a1.jpg","http://public.codesquad.kr/jk/storeapp/data/detail/HBDEF/e30bd6de9340fc05db3cd1d1329b2c56.jpg"],"product_description":"재료부터 다른 수제미트볼조림","point":"87원","delivery_info":"서울 경기 새벽배송 / 전국택배 (제주 및 도서산간 불가) [화 · 수 · 목 · 금 · 토] 수령 가능한 상품입니다.","delivery_fee":"2,500원 (40,000원 이상 구매 시 무료)","prices":["8,700원"],"detail_section":["http://public.codesquad.kr/jk/storeapp/data/detail/HBDEF/9c2c53b40a11b79c90549a058c2da4b7.jpg","http://public.codesquad.kr/jk/storeapp/data/detail/HBDEF/70b0c77d3ef5cdd6269588685bbefe43.jpg","http://public.codesquad.kr/jk/storeapp/data/detail/HBDEF/72f1049b047f65f42a267d5bbd1e6204.jpg","http://public.codesquad.kr/jk/storeapp/data/detail/HBDEF/768afd17faa8bf3461b8160ba0aa26bf.jpg","http://public.codesquad.kr/jk/storeapp/data/detail/HBDEF/95816f09d3294641f2e0feacaa739991.jpg","http://public.codesquad.kr/jk/storeapp/data/detail/HBDEF/2450219a4686d9d6d579fc04020929b4.jpg","http://public.codesquad.kr/jk/storeapp/data/detail/HBDEF/4971475295545ec336c9479fabb25364.jpg","http://public.codesquad.kr/jk/storeapp/data/detail/HBDEF/a8c434715709fe855f3ea1554ec362b6.jpg","http://public.codesquad.kr/jk/storeapp/data/detail/HBDEF/b2b3d0d2107ab91b16e0eb804cd84bc9.jpg","http://public.codesquad.kr/jk/storeapp/data/detail/HBDEF/c0dd6887c9d9368604fc70d7fc3c4598.jpg"]}},{"hash":"H7A16","data":{"top_image":"http://public.codesquad.kr/jk/storeapp/data/detail/HBDEF/4cce011a4a352c22cd399a60271b4921.jpg","thumb_images":["http://public.codesquad.kr/jk/storeapp/data/detail/HBDEF/4cce011a4a352c22cd399a60271b4921.jpg","http://public.codesquad.kr/jk/storeapp/data/detail/HBDEF/6ef14155afc5b47e8c9efd762f7a6096.jpg","http://public.codesquad.kr/jk/storeapp/data/detail/HBDEF/8744504ff3bc315f901dca1f26fe63a1.jpg","http://public.codesquad.kr/jk/storeapp/data/detail/HBDEF/e30bd6de9340fc05db3cd1d1329b2c56.jpg"],"product_description":"부드러운 명태살을 이용한 특별한 생선요리","point":"90원","delivery_info":"서울 경기 새벽배송 / 전국택배 (제주 및 도서산간 불가) [월 · 화 · 수 · 목 · 금 · 토] 수령 가능한 상품입니다.","delivery_fee":"2,500원 (40,000원 이상 구매 시 무료)","prices":["9,000원"],"detail_section":["http://public.codesquad.kr/jk/storeapp/data/detail/HBDEF/9c2c53b40a11b79c90549a058c2da4b7.jpg","http://public.codesquad.kr/jk/storeapp/data/detail/HBDEF/70b0c77d3ef5cdd6269588685bbefe43.jpg","http://public.codesquad.kr/jk/storeapp/data/detail/HBDEF/72f1049b047f65f42a267d5bbd1e6204.jpg","http://public.codesquad.kr/jk/storeapp/data/detail/HBDEF/768afd17faa8bf3461b8160ba0aa26bf.jpg","http://public.codesquad.kr/jk/storeapp/data/detail/HBDEF/95816f09d3294641f2e0feacaa739991.jpg","http://public.codesquad.kr/jk/storeapp/data/detail/HBDEF/2450219a4686d9d6d579fc04020929b4.jpg","http://public.codesquad.kr/jk/storeapp/data/detail/HBDEF/4971475295545ec336c9479fabb25364.jpg","http://public.codesquad.kr/jk/storeapp/data/detail/HBDEF/a8c434715709fe855f3ea1554ec362b6.jpg","http://public.codesquad.kr/jk/storeapp/data/detail/HBDEF/b2b3d0d2107ab91b16e0eb804cd84bc9.jpg","http://public.codesquad.kr/jk/storeapp/data/detail/HBDEF/c0dd6887c9d9368604fc70d7fc3c4598.jpg"]}},{"hash":"HDF73","data":{"top_image":"http://public.codesquad.kr/jk/storeapp/data/detail/HDF73/0f95f44ea8e2e7930321def493753a48.jpg","thumb_images":["http://public.codesquad.kr/jk/storeapp/data/detail/HDF73/0f95f44ea8e2e7930321def493753a48.jpg","http://public.codesquad.kr/jk/storeapp/data/detail/HDF73/2d408898494ac950d7d2cfd6c36d59c2.jpg","http://public.codesquad.kr/jk/storeapp/data/detail/HDF73/62c8bb77facfc9c3be81f9bf45b27f2a.jpg","http://public.codesquad.kr/jk/storeapp/data/detail/HDF73/f6d73afc0ebc1efa71eaea32e9d846f2.jpg"],"product_description":"편식하는 아이도 좋아하는 건강한 연근조림","point":"55원","delivery_info":"서울 경기 새벽배송 / 전국택배 (제주 및 도서산간 불가) [화 · 수 · 목 · 금 · 토] 수령 가능한 상품입니다.","delivery_fee":"2,500원 (40,000원 이상 구매 시 무료)","prices":["5,500원"],"detail_section":["http://public.codesquad.kr/jk/storeapp/data/detail/HDF73/9bd9158fb5ffbc46708b7928ee50708e.jpg","http://public.codesquad.kr/jk/storeapp/data/detail/HDF73/5f73c5c80b62ef63c8a8eecefe32fc29.jpg","http://public.codesquad.kr/jk/storeapp/data/detail/HDF73/9bd9158fb5ffbc46708b7928ee50708e.jpg","http://public.codesquad.kr/jk/storeapp/data/detail/HDF73/0253cdebc4972fefd6b94458024fe765.jpg","http://public.codesquad.kr/jk/storeapp/data/detail/HDF73/3299da0677b50c8c519adc0335271c49.jpg","http://public.codesquad.kr/jk/storeapp/data/detail/HDF73/0642265b65dcc2490ab164ff428cbfe2.jpg","http://public.codesquad.kr/jk/storeapp/data/detail/HDF73/695683493c1ae475a175475f50d3259f.jpg","http://public.codesquad.kr/jk/storeapp/data/detail/HDF73/c8f9bed4f5c07585b869e3d171904a93.jpg","http://public.codesquad.kr/jk/storeapp/data/detail/HDF73/d2e3274c95c832bc9bfbcebbd548f61b.jpg","http://public.codesquad.kr/jk/storeapp/data/detail/HDF73/d9e4fa00652483d74b46317d38159a2f.jpg","http://public.codesquad.kr/jk/storeapp/data/detail/HDF73/d7799b67683128642453f9e2b4c8ce84.jpg"]}},{"hash":"HF778","data":{"top_image":"http://public.codesquad.kr/jk/storeapp/data/cad8eee316cf7151e07638aa57b32a9d.jpg","thumb_images":["http://public.codesquad.kr/jk/storeapp/data/cad8eee316cf7151e07638aa57b32a9d.jpg","http://public.codesquad.kr/jk/storeapp/data/detail/HDF73/2d408898494ac950d7d2cfd6c36d59c2.jpg","http://public.codesquad.kr/jk/storeapp/data/detail/HDF73/62c8bb77facfc9c3be81f9bf45b27f2a.jpg","http://public.codesquad.kr/jk/storeapp/data/detail/HDF73/f6d73afc0ebc1efa71eaea32e9d846f2.jpg"],"product_description":"매콤새콤달콤, 반찬으로도 안주로도 좋은","point":"63원","delivery_info":"서울 경기 새벽배송 / 전국택배 (제주 및 도서산간 불가) [화 · 수 · 목 · 금 · 토] 수령 가능한 상품입니다.","delivery_fee":"2,500원 (40,000원 이상 구매 시 무료)","prices":["7,000원","6,300원"],"detail_section":["http://public.codesquad.kr/jk/storeapp/data/detail/HDF73/9bd9158fb5ffbc46708b7928ee50708e.jpg","http://public.codesquad.kr/jk/storeapp/data/detail/HDF73/5f73c5c80b62ef63c8a8eecefe32fc29.jpg","http://public.codesquad.kr/jk/storeapp/data/detail/HDF73/9bd9158fb5ffbc46708b7928ee50708e.jpg","http://public.codesquad.kr/jk/storeapp/data/detail/HDF73/0253cdebc4972fefd6b94458024fe765.jpg","http://public.codesquad.kr/jk/storeapp/data/detail/HDF73/3299da0677b50c8c519adc0335271c49.jpg","http://public.codesquad.kr/jk/storeapp/data/detail/HDF73/0642265b65dcc2490ab164ff428cbfe2.jpg","http://public.codesquad.kr/jk/storeapp/data/detail/HDF73/695683493c1ae475a175475f50d3259f.jpg","http://public.codesquad.kr/jk/storeapp/data/detail/HDF73/c8f9bed4f5c07585b869e3d171904a93.jpg","http://public.codesquad.kr/jk/storeapp/data/detail/HDF73/d2e3274c95c832bc9bfbcebbd548f61b.jpg","http://public.codesquad.kr/jk/storeapp/data/detail/HDF73/d9e4fa00652483d74b46317d38159a2f.jpg","http://public.codesquad.kr/jk/storeapp/data/detail/HDF73/d7799b67683128642453f9e2b4c8ce84.jpg"]}},{"hash":"HFB53","data":{"top_image":"http://public.codesquad.kr/jk/storeapp/data/b6beada6b89af950289003d929936d9c.jpg","thumb_images":["http://public.codesquad.kr/jk/storeapp/data/b6beada6b89af950289003d929936d9c.jpg","http://public.codesquad.kr/jk/storeapp/data/detail/HDF73/2d408898494ac950d7d2cfd6c36d59c2.jpg","http://public.codesquad.kr/jk/storeapp/data/detail/HDF73/62c8bb77facfc9c3be81f9bf45b27f2a.jpg","http://public.codesquad.kr/jk/storeapp/data/detail/HDF73/f6d73afc0ebc1efa71eaea32e9d846f2.jpg"],"product_description":"생강 향이 산뜻한","point":"58원","delivery_info":"서울 경기 새벽배송 / 전국택배 (제주 및 도서산간 불가) [월 · 화 · 수 · 목 · 금 · 토] 수령 가능한 상품입니다.","delivery_fee":"2,500원 (40,000원 이상 구매 시 무료)","prices":["5,800원"],"detail_section":["http://public.codesquad.kr/jk/storeapp/data/detail/HDF73/9bd9158fb5ffbc46708b7928ee50708e.jpg","http://public.codesquad.kr/jk/storeapp/data/detail/HDF73/5f73c5c80b62ef63c8a8eecefe32fc29.jpg","http://public.codesquad.kr/jk/storeapp/data/detail/HDF73/9bd9158fb5ffbc46708b7928ee50708e.jpg","http://public.codesquad.kr/jk/storeapp/data/detail/HDF73/0253cdebc4972fefd6b94458024fe765.jpg","http://public.codesquad.kr/jk/storeapp/data/detail/HDF73/3299da0677b50c8c519adc0335271c49.jpg","http://public.codesquad.kr/jk/storeapp/data/detail/HDF73/0642265b65dcc2490ab164ff428cbfe2.jpg","http://public.codesquad.kr/jk/storeapp/data/detail/HDF73/695683493c1ae475a175475f50d3259f.jpg","http://public.codesquad.kr/jk/storeapp/data/detail/HDF73/c8f9bed4f5c07585b869e3d171904a93.jpg","http://public.codesquad.kr/jk/storeapp/data/detail/HDF73/d2e3274c95c832bc9bfbcebbd548f61b.jpg","http://public.codesquad.kr/jk/storeapp/data/detail/HDF73/d9e4fa00652483d74b46317d38159a2f.jpg","http://public.codesquad.kr/jk/storeapp/data/detail/HDF73/d7799b67683128642453f9e2b4c8ce84.jpg"]}},{"hash":"H077F","data":{"top_image":"http://public.codesquad.kr/jk/storeapp/data/0221110ead70dfd455e40703bbdd6252.jpg","thumb_images":["http://public.codesquad.kr/jk/storeapp/data/0221110ead70dfd455e40703bbdd6252.jpg","http://public.codesquad.kr/jk/storeapp/data/detail/HDF73/2d408898494ac950d7d2cfd6c36d59c2.jpg","http://public.codesquad.kr/jk/storeapp/data/detail/HDF73/62c8bb77facfc9c3be81f9bf45b27f2a.jpg","http://public.codesquad.kr/jk/storeapp/data/detail/HDF73/f6d73afc0ebc1efa71eaea32e9d846f2.jpg"],"product_description":"큼지막하고 살집 많은 동태 한 마리로 만든 코다리구이입니다.","point":"75원","delivery_info":"서울 경기 새벽배송 / 전국택배 (제주 및 도서산간 불가) [월 · 화 · 수 · 목 · 금 · 토] 수령 가능한 상품입니다.","delivery_fee":"2,500원 (40,000원 이상 구매 시 무료)","prices":["7,500원"],"detail_section":["http://public.codesquad.kr/jk/storeapp/data/detail/HDF73/9bd9158fb5ffbc46708b7928ee50708e.jpg","http://public.codesquad.kr/jk/storeapp/data/detail/HDF73/5f73c5c80b62ef63c8a8eecefe32fc29.jpg","http://public.codesquad.kr/jk/storeapp/data/detail/HDF73/9bd9158fb5ffbc46708b7928ee50708e.jpg","http://public.codesquad.kr/jk/storeapp/data/detail/HDF73/0253cdebc4972fefd6b94458024fe765.jpg","http://public.codesquad.kr/jk/storeapp/data/detail/HDF73/3299da0677b50c8c519adc0335271c49.jpg","http://public.codesquad.kr/jk/storeapp/data/detail/HDF73/0642265b65dcc2490ab164ff428cbfe2.jpg","http://public.codesquad.kr/jk/storeapp/data/detail/HDF73/695683493c1ae475a175475f50d3259f.jpg","http://public.codesquad.kr/jk/storeapp/data/detail/HDF73/c8f9bed4f5c07585b869e3d171904a93.jpg","http://public.codesquad.kr/jk/storeapp/data/detail/HDF73/d2e3274c95c832bc9bfbcebbd548f61b.jpg","http://public.codesquad.kr/jk/storeapp/data/detail/HDF73/d9e4fa00652483d74b46317d38159a2f.jpg","http://public.codesquad.kr/jk/storeapp/data/detail/HDF73/d7799b67683128642453f9e2b4c8ce84.jpg"]}},{"hash":"H4665","data":{"top_image":"http://public.codesquad.kr/jk/storeapp/data/385f4106ac26f6e4fe7c640714f405a5.jpg","thumb_images":["http://public.codesquad.kr/jk/storeapp/data/385f4106ac26f6e4fe7c640714f405a5.jpg","http://public.codesquad.kr/jk/storeapp/data/detail/HDF73/2d408898494ac950d7d2cfd6c36d59c2.jpg","http://public.codesquad.kr/jk/storeapp/data/detail/HDF73/62c8bb77facfc9c3be81f9bf45b27f2a.jpg","http://public.codesquad.kr/jk/storeapp/data/detail/HDF73/f6d73afc0ebc1efa71eaea32e9d846f2.jpg"],"product_description":"씹을수록 감칠맛나는 문어살의 쫄깃함","point":"46원","delivery_info":"서울 경기 새벽배송 / 전국택배 (제주 및 도서산간 불가) [화 · 수 · 목 · 금 · 토] 수령 가능한 상품입니다.","delivery_fee":"2,500원 (40,000원 이상 구매 시 무료)","prices":["4,600원"],"detail_section":["http://public.codesquad.kr/jk/storeapp/data/detail/HDF73/9bd9158fb5ffbc46708b7928ee50708e.jpg","http://public.codesquad.kr/jk/storeapp/data/detail/HDF73/5f73c5c80b62ef63c8a8eecefe32fc29.jpg","http://public.codesquad.kr/jk/storeapp/data/detail/HDF73/9bd9158fb5ffbc46708b7928ee50708e.jpg","http://public.codesquad.kr/jk/storeapp/data/detail/HDF73/0253cdebc4972fefd6b94458024fe765.jpg","http://public.codesquad.kr/jk/storeapp/data/detail/HDF73/3299da0677b50c8c519adc0335271c49.jpg","http://public.codesquad.kr/jk/storeapp/data/detail/HDF73/0642265b65dcc2490ab164ff428cbfe2.jpg","http://public.codesquad.kr/jk/storeapp/data/detail/HDF73/695683493c1ae475a175475f50d3259f.jpg","http://public.codesquad.kr/jk/storeapp/data/detail/HDF73/c8f9bed4f5c07585b869e3d171904a93.jpg","http://public.codesquad.kr/jk/storeapp/data/detail/HDF73/d2e3274c95c832bc9bfbcebbd548f61b.jpg","http://public.codesquad.kr/jk/storeapp/data/detail/HDF73/d9e4fa00652483d74b46317d38159a2f.jpg","http://public.codesquad.kr/jk/storeapp/data/detail/HDF73/d7799b67683128642453f9e2b4c8ce84.jpg"]}},{"hash":"H1AA9","data":{"top_image":"http://public.codesquad.kr/jk/storeapp/data/2455226945d52f5aefd51f35d663bb16.jpg","thumb_images":["http://public.codesquad.kr/jk/storeapp/data/2455226945d52f5aefd51f35d663bb16.jpg","http://public.codesquad.kr/jk/storeapp/data/detail/HDF73/2d408898494ac950d7d2cfd6c36d59c2.jpg","http://public.codesquad.kr/jk/storeapp/data/detail/HDF73/62c8bb77facfc9c3be81f9bf45b27f2a.jpg","http://public.codesquad.kr/jk/storeapp/data/detail/HDF73/f6d73afc0ebc1efa71eaea32e9d846f2.jpg"],"product_description":"탱글탱글한 새우와 오징어를 마늘쫑과 함께 매콤하게 볶아냈어요.","point":"62원","delivery_info":"서울 경기 새벽배송 / 전국택배 (제주 및 도서산간 불가) [월 · 화 · 수 · 목 · 금 · 토] 수령 가능한 상품입니다.","delivery_fee":"2,500원 (40,000원 이상 구매 시 무료)","prices":["6,900원","6,210원"],"detail_section":["http://public.codesquad.kr/jk/storeapp/data/detail/HDF73/9bd9158fb5ffbc46708b7928ee50708e.jpg","http://public.codesquad.kr/jk/storeapp/data/detail/HDF73/5f73c5c80b62ef63c8a8eecefe32fc29.jpg","http://public.codesquad.kr/jk/storeapp/data/detail/HDF73/9bd9158fb5ffbc46708b7928ee50708e.jpg","http://public.codesquad.kr/jk/storeapp/data/detail/HDF73/0253cdebc4972fefd6b94458024fe765.jpg","http://public.codesquad.kr/jk/storeapp/data/detail/HDF73/3299da0677b50c8c519adc0335271c49.jpg","http://public.codesquad.kr/jk/storeapp/data/detail/HDF73/0642265b65dcc2490ab164ff428cbfe2.jpg","http://public.codesquad.kr/jk/storeapp/data/detail/HDF73/695683493c1ae475a175475f50d3259f.jpg","http://public.codesquad.kr/jk/storeapp/data/detail/HDF73/c8f9bed4f5c07585b869e3d171904a93.jpg","http://public.codesquad.kr/jk/storeapp/data/detail/HDF73/d2e3274c95c832bc9bfbcebbd548f61b.jpg","http://public.codesquad.kr/jk/storeapp/data/detail/HDF73/d9e4fa00652483d74b46317d38159a2f.jpg","http://public.codesquad.kr/jk/storeapp/data/detail/HDF73/d7799b67683128642453f9e2b4c8ce84.jpg"]}},{"hash":"HEDFB","data":{"top_image":"http://public.codesquad.kr/jk/storeapp/data/2455226945d52f5aefd51f35d663bb16.jpg","thumb_images":["http://public.codesquad.kr/jk/storeapp/data/2455226945d52f5aefd51f35d663bb16.jpg","http://public.codesquad.kr/jk/storeapp/data/detail/HDF73/2d408898494ac950d7d2cfd6c36d59c2.jpg","http://public.codesquad.kr/jk/storeapp/data/detail/HDF73/62c8bb77facfc9c3be81f9bf45b27f2a.jpg","http://public.codesquad.kr/jk/storeapp/data/detail/HDF73/f6d73afc0ebc1efa71eaea32e9d846f2.jpg"],"product_description":"달콤한 신야초발효액이 포인트!","point":"50원","delivery_info":"서울 경기 새벽배송 / 전국택배 (제주 및 도서산간 불가) [화 · 수 · 목 · 금 · 토] 수령 가능한 상품입니다.","delivery_fee":"2,500원 (40,000원 이상 구매 시 무료)","prices":["5,000원"],"detail_section":["http://public.codesquad.kr/jk/storeapp/data/detail/HDF73/9bd9158fb5ffbc46708b7928ee50708e.jpg","http://public.codesquad.kr/jk/storeapp/data/detail/HDF73/5f73c5c80b62ef63c8a8eecefe32fc29.jpg","http://public.codesquad.kr/jk/storeapp/data/detail/HDF73/9bd9158fb5ffbc46708b7928ee50708e.jpg","http://public.codesquad.kr/jk/storeapp/data/detail/HDF73/0253cdebc4972fefd6b94458024fe765.jpg","http://public.codesquad.kr/jk/storeapp/data/detail/HDF73/3299da0677b50c8c519adc0335271c49.jpg","http://public.codesquad.kr/jk/storeapp/data/detail/HDF73/0642265b65dcc2490ab164ff428cbfe2.jpg","http://public.codesquad.kr/jk/storeapp/data/detail/HDF73/695683493c1ae475a175475f50d3259f.jpg","http://public.codesquad.kr/jk/storeapp/data/detail/HDF73/c8f9bed4f5c07585b869e3d171904a93.jpg","http://public.codesquad.kr/jk/storeapp/data/detail/HDF73/d2e3274c95c832bc9bfbcebbd548f61b.jpg","http://public.codesquad.kr/jk/storeapp/data/detail/HDF73/d9e4fa00652483d74b46317d38159a2f.jpg","http://public.codesquad.kr/jk/storeapp/data/detail/HDF73/d7799b67683128642453f9e2b4c8ce84.jpg"]}},{"hash":"H72C3","data":{"top_image":"http://public.codesquad.kr/jk/storeapp/data/d1fccf125f0a78113d0e06cb888f2e74.jpg","thumb_images":["http://public.codesquad.kr/jk/storeapp/data/d1fccf125f0a78113d0e06cb888f2e74.jpg","http://public.codesquad.kr/jk/storeapp/data/detail/H0FC6/92f556b605c4a84813070d7214c4f336.jpg","http://public.codesquad.kr/jk/storeapp/data/detail/H0FC6/538b8ab021c7814aa4af860d94f81287.jpg","http://public.codesquad.kr/jk/storeapp/data/detail/H0FC6/adaef08ab0680b087096afa0f0070fad.jpg"],"product_description":"100% 한우양지로 끓여낸 70년전통의 서울식곰탕","point":"142원","delivery_info":"서울 경기 새벽배송 / 전국택배 (제주 및 도서산간 불가) [화 · 수 · 목 · 금 · 토] 수령 가능한 상품입니다.","delivery_fee":"2,500원 (40,000원 이상 구매 시 무료)","prices":["15,000원","14,200원"],"detail_section":["http://public.codesquad.kr/jk/storeapp/data/detail/H0FC6/341b8605fa224ec1808c4f169097d170.jpg","http://public.codesquad.kr/jk/storeapp/data/detail/H0FC6/0228d4cb660a3cca06952917bd024dcb.jpg","http://public.codesquad.kr/jk/storeapp/data/detail/H0FC6/e027227f61a93b6473e8c4bbd5c3de74.jpg","http://public.codesquad.kr/jk/storeapp/data/detail/H0FC6/03ac0b09199421bb61727c667c2361f6.jpg","http://public.codesquad.kr/jk/storeapp/data/detail/H0FC6/cbe4a3e12b7bdba5cf410e0e19dcf1ca.jpg","http://public.codesquad.kr/jk/storeapp/data/detail/H0FC6/b58fa5791b67db106524b48442cb1c6a.jpg","http://public.codesquad.kr/jk/storeapp/data/detail/H0FC6/82cfe0332f0e1c927a23b79f1d152430.jpg","http://public.codesquad.kr/jk/storeapp/data/detail/H0FC6/390ca9ad5a574cbe7f3f6e26871f6690.jpg","http://public.codesquad.kr/jk/storeapp/data/detail/H0FC6/e113889a6120357c8e6196802a9f155b.jpg","http://public.codesquad.kr/jk/storeapp/data/detail/H0FC6/967e8e1ef357e9722b796e2bcb09ba3d.jpg"]}},{"hash":"HA6EE","data":{"top_image":"http://public.codesquad.kr/jk/storeapp/data/c069bc32cb37727c59e1f0c2839311a0.jpg","thumb_images":["http://public.codesquad.kr/jk/storeapp/data/c069bc32cb37727c59e1f0c2839311a0.jpg","http://public.codesquad.kr/jk/storeapp/data/detail/H602F/edc6bae2e2663f05b4e8eb5a2b95d68f.jpg","http://public.codesquad.kr/jk/storeapp/data/detail/H602F/c935f5913dc66b11ebceeef85485c438.jpg","http://public.codesquad.kr/jk/storeapp/data/detail/H602F/7c1e24867611394f04b37d05593e21ba.jpg"],"product_description":"항아리에서 숙성시킨 집된장으로만 맛을내 짜지 않은 된장찌개","point":"100원","delivery_info":"서울 경기 새벽배송 / 전국택배 (제주 및 도서산간 불가) [화 · 수 · 목 · 금 · 토] 수령 가능한 상품입니다.","delivery_fee":"2,500원 (40,000원 이상 구매 시 무료)","prices":["10,000원"],"detail_section":["http://public.codesquad.kr/jk/storeapp/data/detail/H602F/670e7deefe1d84a4f4e058655fbd4d7c.jpg","http://public.codesquad.kr/jk/storeapp/data/detail/H602F/1898cda038e92454395b8ffca8cd4393.jpg","http://public.codesquad.kr/jk/storeapp/data/detail/H602F/49516d302dad870fbdd75cf98a01eae4.jpg","http://public.codesquad.kr/jk/storeapp/data/detail/H602F/c1bb6fe4f72fcea27ea989ae48c61c86.jpg","http://public.codesquad.kr/jk/storeapp/data/detail/H602F/49afed8d3ec417b39ce8de456fc6661c.jpg","http://public.codesquad.kr/jk/storeapp/data/detail/H602F/e62762e63f3e12dc2857a065badf1eea.jpg","http://public.codesquad.kr/jk/storeapp/data/detail/H602F/31103ab946bff52b709ec6891e768c05.jpg","http://public.codesquad.kr/jk/storeapp/data/detail/H602F/f84dc16f4f6d97661bd13d587a72d6b1.jpg","http://public.codesquad.kr/jk/storeapp/data/detail/H602F/fd3f49614f731a0610a5409c0deb3c60.jpg"]}},{"hash":"H8CD0","data":{"top_image":"http://public.codesquad.kr/jk/storeapp/data/detail/HAA47/4e96f386d5a5c4459bc0ac6ffd0c1fce.jpg","thumb_images":["http://public.codesquad.kr/jk/storeapp/data/detail/HAA47/4e96f386d5a5c4459bc0ac6ffd0c1fce.jpg","http://public.codesquad.kr/jk/storeapp/data/detail/HAA47/00327d0df92e29bad02e7387349bed53.jpg","http://public.codesquad.kr/jk/storeapp/data/detail/HAA47/781fea32c56eb102429902a2f62cbaf3.jpg"],"product_description":"칼칼한 국물이 속 풀기에 딱 좋은 동태탕","point":"140원","delivery_info":"서울 경기 새벽배송 / 전국택배 (제주 및 도서산간 불가) [화 · 수 · 목 · 금 · 토] 수령 가능한 상품입니다.","delivery_fee":"2,500원 (40,000원 이상 구매 시 무료)","prices":["14,000원"],"detail_section":["http://public.codesquad.kr/jk/storeapp/data/detail/HAA47/829c8a3fb87d98ef42ae449215d4c8b7.jpg","http://public.codesquad.kr/jk/storeapp/data/detail/HAA47/25900d6f62866f25c024105e10907f43.png","http://public.codesquad.kr/jk/storeapp/data/detail/HAA47/e52f3fbd48fbe9ff2ac99759cacd0042.png","http://public.codesquad.kr/jk/storeapp/data/detail/HAA47/edd7a54096d6df1b8bc8b318cea0191c.jpg","http://public.codesquad.kr/jk/storeapp/data/detail/HAA47/fb8e6e21faa8284021c1b1c7a1ae1281.jpg","http://public.codesquad.kr/jk/storeapp/data/detail/HAA47/36a0566d2fb69a4bcea946727181836d.jpg"]}},{"hash":"HE2E9","data":{"top_image":"http://public.codesquad.kr/jk/storeapp/data/detail/HAA47/4e96f386d5a5c4459bc0ac6ffd0c1fce.jpg","thumb_images":["http://public.codesquad.kr/jk/storeapp/data/detail/HAA47/4e96f386d5a5c4459bc0ac6ffd0c1fce.jpg","http://public.codesquad.kr/jk/storeapp/data/detail/HAA47/00327d0df92e29bad02e7387349bed53.jpg","http://public.codesquad.kr/jk/storeapp/data/detail/HAA47/781fea32c56eb102429902a2f62cbaf3.jpg"],"product_description":"안주용 부대찌개와는 달라 밥말아먹기 딱 좋은","point":"43원","delivery_info":"서울 경기 새벽배송 / 전국택배 (제주 및 도서산간 불가) [월 · 화 · 수 · 목 · 금 · 토] 수령 가능한 상품입니다.","delivery_fee":"2,500원 (40,000원 이상 구매 시 무료)","prices":["5,500원","4,300원"],"detail_section":["http://public.codesquad.kr/jk/storeapp/data/detail/HAA47/829c8a3fb87d98ef42ae449215d4c8b7.jpg","http://public.codesquad.kr/jk/storeapp/data/detail/HAA47/25900d6f62866f25c024105e10907f43.png","http://public.codesquad.kr/jk/storeapp/data/detail/HAA47/e52f3fbd48fbe9ff2ac99759cacd0042.png","http://public.codesquad.kr/jk/storeapp/data/detail/HAA47/edd7a54096d6df1b8bc8b318cea0191c.jpg","http://public.codesquad.kr/jk/storeapp/data/detail/HAA47/fb8e6e21faa8284021c1b1c7a1ae1281.jpg","http://public.codesquad.kr/jk/storeapp/data/detail/HAA47/36a0566d2fb69a4bcea946727181836d.jpg"]}},{"hash":"HAA47","data":{"top_image":"http://public.codesquad.kr/jk/storeapp/data/detail/HAA47/4e96f386d5a5c4459bc0ac6ffd0c1fce.jpg","thumb_images":["http://public.codesquad.kr/jk/storeapp/data/detail/HAA47/4e96f386d5a5c4459bc0ac6ffd0c1fce.jpg","http://public.codesquad.kr/jk/storeapp/data/detail/HAA47/00327d0df92e29bad02e7387349bed53.jpg","http://public.codesquad.kr/jk/storeapp/data/detail/HAA47/781fea32c56eb102429902a2f62cbaf3.jpg"],"product_description":"진한 풍미의 일본식 전골, 스키야키","point":"100원","delivery_info":"서울 경기 새벽배송 / 전국택배 (제주 및 도서산간 불가) [월 · 화 · 수 · 목 · 금 · 토] 수령 가능한 상품입니다.","delivery_fee":"2,500원 (40,000원 이상 구매 시 무료)","prices":["10,000원"],"detail_section":["http://public.codesquad.kr/jk/storeapp/data/detail/HAA47/829c8a3fb87d98ef42ae449215d4c8b7.jpg","http://public.codesquad.kr/jk/storeapp/data/detail/HAA47/25900d6f62866f25c024105e10907f43.png","http://public.codesquad.kr/jk/storeapp/data/detail/HAA47/e52f3fbd48fbe9ff2ac99759cacd0042.png","http://public.codesquad.kr/jk/storeapp/data/detail/HAA47/edd7a54096d6df1b8bc8b318cea0191c.jpg","http://public.codesquad.kr/jk/storeapp/data/detail/HAA47/fb8e6e21faa8284021c1b1c7a1ae1281.jpg","http://public.codesquad.kr/jk/storeapp/data/detail/HAA47/36a0566d2fb69a4bcea946727181836d.jpg"]}},{"hash":"H3254","data":{"top_image":"http://public.codesquad.kr/jk/storeapp/data/detail/HAA47/4e96f386d5a5c4459bc0ac6ffd0c1fce.jpg","thumb_images":["http://public.codesquad.kr/jk/storeapp/data/detail/HAA47/4e96f386d5a5c4459bc0ac6ffd0c1fce.jpg","http://public.codesquad.kr/jk/storeapp/data/detail/HAA47/00327d0df92e29bad02e7387349bed53.jpg","http://public.codesquad.kr/jk/storeapp/data/detail/HAA47/781fea32c56eb102429902a2f62cbaf3.jpg"],"product_description":"밀가루 0% 프리미엄 어묵에 어묵스프까지 드려요!","point":"144원","delivery_info":"서울 경기 새벽배송 / 전국택배 (제주 및 도서산간 불가) [월 · 화 · 수 · 목 · 금 · 토] 수령 가능한 상품입니다.","delivery_fee":"2,500원 (40,000원 이상 구매 시 무료)","prices":["14,400원"],"detail_section":["http://public.codesquad.kr/jk/storeapp/data/detail/HAA47/829c8a3fb87d98ef42ae449215d4c8b7.jpg","http://public.codesquad.kr/jk/storeapp/data/detail/HAA47/25900d6f62866f25c024105e10907f43.png","http://public.codesquad.kr/jk/storeapp/data/detail/HAA47/e52f3fbd48fbe9ff2ac99759cacd0042.png","http://public.codesquad.kr/jk/storeapp/data/detail/HAA47/edd7a54096d6df1b8bc8b318cea0191c.jpg","http://public.codesquad.kr/jk/storeapp/data/detail/HAA47/fb8e6e21faa8284021c1b1c7a1ae1281.jpg","http://public.codesquad.kr/jk/storeapp/data/detail/HAA47/36a0566d2fb69a4bcea946727181836d.jpg"]}},{"hash":"H26C7","data":{"top_image":"http://public.codesquad.kr/jk/storeapp/data/detail/H26C7/2ad963a9f63d371826748c852a0025c3.jpg","thumb_images":["http://public.codesquad.kr/jk/storeapp/data/detail/H26C7/2ad963a9f63d371826748c852a0025c3.jpg","http://public.codesquad.kr/jk/storeapp/data/detail/H26C7/f945d8ac1dccc3f931bcaf35de5de582.jpg","http://public.codesquad.kr/jk/storeapp/data/detail/H26C7/bacb0b8186371bfafbd92dbeec718e13.jpg","http://public.codesquad.kr/jk/storeapp/data/detail/H26C7/b96b02e9a956c6d5ad1e10eb14ba81e0.jpg"],"product_description":"제주3대해장국 맛집의 인기메뉴","point":"44원","delivery_info":"서울 경기 새벽배송 / 전국택배 (제주 및 도서산간 불가) [월 · 화 · 수 · 목 · 금 · 토] 수령 가능한 상품입니다.","delivery_fee":"2,500원 (40,000원 이상 구매 시 무료)","prices":["5,900원","4,400원"],"detail_section":["http://public.codesquad.kr/jk/storeapp/data/detail/H26C7/3d67aabd2751620367e1d1ac3e3d7ef2.jpg","http://public.codesquad.kr/jk/storeapp/data/detail/H26C7/855b42b4e80162e6930f06aa80bd1272.jpg","http://public.codesquad.kr/jk/storeapp/data/detail/H26C7/1966de56cf138639d5d50d4bf2db8e72.jpg","http://public.codesquad.kr/jk/storeapp/data/detail/H26C7/b3dd54082745d1188f3a6e582e7cd993.jpg","http://public.codesquad.kr/jk/storeapp/data/detail/H26C7/4a6fd1fd1116c14aa6aef5e6851ab6a9.jpg","http://public.codesquad.kr/jk/storeapp/data/detail/H26C7/7e12275d669102d0269278a7c91ab49d.jpg","http://public.codesquad.kr/jk/storeapp/data/detail/H26C7/ab34ea3755f59a21662266eb62b7bc4b.jpg","http://public.codesquad.kr/jk/storeapp/data/detail/H26C7/b0a70ff59a3b5360b6246b507693c4d4.jpg","http://public.codesquad.kr/jk/storeapp/data/detail/H26C7/dc772923b4a2e053f1baf68fa28a48ee.jpg"]}},{"hash":"HFFF9","data":{"top_image":"http://public.codesquad.kr/jk/storeapp/data/detail/H26C7/2ad963a9f63d371826748c852a0025c3.jpg","thumb_images":["http://public.codesquad.kr/jk/storeapp/data/detail/H26C7/2ad963a9f63d371826748c852a0025c3.jpg","http://public.codesquad.kr/jk/storeapp/data/detail/H26C7/f945d8ac1dccc3f931bcaf35de5de582.jpg","http://public.codesquad.kr/jk/storeapp/data/detail/H26C7/bacb0b8186371bfafbd92dbeec718e13.jpg","http://public.codesquad.kr/jk/storeapp/data/detail/H26C7/b96b02e9a956c6d5ad1e10eb14ba81e0.jpg"],"product_description":"간간한 저염명란과 고소한 감자가 조화로운 국이에요","point":"70원","delivery_info":"서울 경기 새벽배송 / 전국택배 (제주 및 도서산간 불가) [월 · 화 · 수 · 목 · 금 · 토] 수령 가능한 상품입니다.","delivery_fee":"2,500원 (40,000원 이상 구매 시 무료)","prices":["7,000원"],"detail_section":["http://public.codesquad.kr/jk/storeapp/data/detail/H26C7/3d67aabd2751620367e1d1ac3e3d7ef2.jpg","http://public.codesquad.kr/jk/storeapp/data/detail/H26C7/855b42b4e80162e6930f06aa80bd1272.jpg","http://public.codesquad.kr/jk/storeapp/data/detail/H26C7/1966de56cf138639d5d50d4bf2db8e72.jpg","http://public.codesquad.kr/jk/storeapp/data/detail/H26C7/b3dd54082745d1188f3a6e582e7cd993.jpg","http://public.codesquad.kr/jk/storeapp/data/detail/H26C7/4a6fd1fd1116c14aa6aef5e6851ab6a9.jpg","http://public.codesquad.kr/jk/storeapp/data/detail/H26C7/7e12275d669102d0269278a7c91ab49d.jpg","http://public.codesquad.kr/jk/storeapp/data/detail/H26C7/ab34ea3755f59a21662266eb62b7bc4b.jpg","http://public.codesquad.kr/jk/storeapp/data/detail/H26C7/b0a70ff59a3b5360b6246b507693c4d4.jpg","http://public.codesquad.kr/jk/storeapp/data/detail/H26C7/dc772923b4a2e053f1baf68fa28a48ee.jpg"]}},{"hash":"HBBCC","data":{"top_image":"http://public.codesquad.kr/jk/storeapp/data/detail/H26C7/2ad963a9f63d371826748c852a0025c3.jpg","thumb_images":["http://public.codesquad.kr/jk/storeapp/data/detail/H26C7/2ad963a9f63d371826748c852a0025c3.jpg","http://public.codesquad.kr/jk/storeapp/data/detail/H26C7/f945d8ac1dccc3f931bcaf35de5de582.jpg","http://public.codesquad.kr/jk/storeapp/data/detail/H26C7/bacb0b8186371bfafbd92dbeec718e13.jpg","http://public.codesquad.kr/jk/storeapp/data/detail/H26C7/b96b02e9a956c6d5ad1e10eb14ba81e0.jpg"],"product_description":"향긋한 유자향과 아삭한 연근","point":"65원","delivery_info":"서울 경기 새벽배송 / 전국택배 (제주 및 도서산간 불가) [월 · 화 · 수 · 목 · 금 · 토] 수령 가능한 상품입니다.","delivery_fee":"2,500원 (40,000원 이상 구매 시 무료)","prices":["6,500원"],"detail_section":["http://public.codesquad.kr/jk/storeapp/data/detail/H26C7/3d67aabd2751620367e1d1ac3e3d7ef2.jpg","http://public.codesquad.kr/jk/storeapp/data/detail/H26C7/855b42b4e80162e6930f06aa80bd1272.jpg","http://public.codesquad.kr/jk/storeapp/data/detail/H26C7/1966de56cf138639d5d50d4bf2db8e72.jpg","http://public.codesquad.kr/jk/storeapp/data/detail/H26C7/b3dd54082745d1188f3a6e582e7cd993.jpg","http://public.codesquad.kr/jk/storeapp/data/detail/H26C7/4a6fd1fd1116c14aa6aef5e6851ab6a9.jpg","http://public.codesquad.kr/jk/storeapp/data/detail/H26C7/7e12275d669102d0269278a7c91ab49d.jpg","http://public.codesquad.kr/jk/storeapp/data/detail/H26C7/ab34ea3755f59a21662266eb62b7bc4b.jpg","http://public.codesquad.kr/jk/storeapp/data/detail/H26C7/b0a70ff59a3b5360b6246b507693c4d4.jpg","http://public.codesquad.kr/jk/storeapp/data/detail/H26C7/dc772923b4a2e053f1baf68fa28a48ee.jpg"]}},{"hash":"H1939","data":{"top_image":"http://public.codesquad.kr/jk/storeapp/data/e5646e5fc09a01a9243979b229e0572b.jpg","thumb_images":["http://public.codesquad.kr/jk/storeapp/data/e5646e5fc09a01a9243979b229e0572b.jpg","http://public.codesquad.kr/jk/storeapp/data/detail/H26C7/f945d8ac1dccc3f931bcaf35de5de582.jpg","http://public.codesquad.kr/jk/storeapp/data/detail/H26C7/bacb0b8186371bfafbd92dbeec718e13.jpg","http://public.codesquad.kr/jk/storeapp/data/detail/H26C7/b96b02e9a956c6d5ad1e10eb14ba81e0.jpg"],"product_description":"부드러운 고기부터 밥비벼먹기 딱좋은 국물까지","point":"74원","delivery_info":"서울 경기 새벽배송 / 전국택배 (제주 및 도서산간 불가) [화 · 수 · 목 · 금 · 토] 수령 가능한 상품입니다.","delivery_fee":"2,500원 (40,000원 이상 구매 시 무료)","prices":["7,400원"],"detail_section":["http://public.codesquad.kr/jk/storeapp/data/detail/H26C7/3d67aabd2751620367e1d1ac3e3d7ef2.jpg","http://public.codesquad.kr/jk/storeapp/data/detail/H26C7/855b42b4e80162e6930f06aa80bd1272.jpg","http://public.codesquad.kr/jk/storeapp/data/detail/H26C7/1966de56cf138639d5d50d4bf2db8e72.jpg","http://public.codesquad.kr/jk/storeapp/data/detail/H26C7/b3dd54082745d1188f3a6e582e7cd993.jpg","http://public.codesquad.kr/jk/storeapp/data/detail/H26C7/4a6fd1fd1116c14aa6aef5e6851ab6a9.jpg","http://public.codesquad.kr/jk/storeapp/data/detail/H26C7/7e12275d669102d0269278a7c91ab49d.jpg","http://public.codesquad.kr/jk/storeapp/data/detail/H26C7/ab34ea3755f59a21662266eb62b7bc4b.jpg","http://public.codesquad.kr/jk/storeapp/data/detail/H26C7/b0a70ff59a3b5360b6246b507693c4d4.jpg","http://public.codesquad.kr/jk/storeapp/data/detail/H26C7/dc772923b4a2e053f1baf68fa28a48ee.jpg"]}},{"hash":"H8EA5","data":{"top_image":"http://public.codesquad.kr/jk/storeapp/data/4cfd1954861ebd18b5b53e558a8e902e.jpg","thumb_images":["http://public.codesquad.kr/jk/storeapp/data/4cfd1954861ebd18b5b53e558a8e902e.jpg","http://public.codesquad.kr/jk/storeapp/data/detail/H602F/edc6bae2e2663f05b4e8eb5a2b95d68f.jpg","http://public.codesquad.kr/jk/storeapp/data/detail/H602F/c935f5913dc66b11ebceeef85485c438.jpg","http://public.codesquad.kr/jk/storeapp/data/detail/H602F/7c1e24867611394f04b37d05593e21ba.jpg"],"product_description":"새콤달콤 입맛 돋우는","point":"40원","delivery_info":"서울 경기 새벽배송 / 전국택배 (제주 및 도서산간 불가) [화 · 수 · 목 · 금 · 토] 수령 가능한 상품입니다.","delivery_fee":"2,500원 (40,000원 이상 구매 시 무료)","prices":["4,000원"],"detail_section":["http://public.codesquad.kr/jk/storeapp/data/detail/H602F/670e7deefe1d84a4f4e058655fbd4d7c.jpg","http://public.codesquad.kr/jk/storeapp/data/detail/H602F/1898cda038e92454395b8ffca8cd4393.jpg","http://public.codesquad.kr/jk/storeapp/data/detail/H602F/49516d302dad870fbdd75cf98a01eae4.jpg","http://public.codesquad.kr/jk/storeapp/data/detail/H602F/c1bb6fe4f72fcea27ea989ae48c61c86.jpg","http://public.codesquad.kr/jk/storeapp/data/detail/H602F/49afed8d3ec417b39ce8de456fc6661c.jpg","http://public.codesquad.kr/jk/storeapp/data/detail/H602F/e62762e63f3e12dc2857a065badf1eea.jpg","http://public.codesquad.kr/jk/storeapp/data/detail/H602F/31103ab946bff52b709ec6891e768c05.jpg","http://public.codesquad.kr/jk/storeapp/data/detail/H602F/f84dc16f4f6d97661bd13d587a72d6b1.jpg","http://public.codesquad.kr/jk/storeapp/data/detail/H602F/fd3f49614f731a0610a5409c0deb3c60.jpg"]}},{"hash":"H602F","data":{"top_image":"http://public.codesquad.kr/jk/storeapp/data/detail/H602F/c8c8045696b4692107ef28c8b445ca42.jpg","thumb_images":["http://public.codesquad.kr/jk/storeapp/data/detail/H602F/c8c8045696b4692107ef28c8b445ca42.jpg","http://public.codesquad.kr/jk/storeapp/data/detail/H602F/edc6bae2e2663f05b4e8eb5a2b95d68f.jpg","http://public.codesquad.kr/jk/storeapp/data/detail/H602F/c935f5913dc66b11ebceeef85485c438.jpg","http://public.codesquad.kr/jk/storeapp/data/detail/H602F/7c1e24867611394f04b37d05593e21ba.jpg"],"product_description":"한국식 우엉조림과는 다른 진한 감칠맛","point":"33원","delivery_info":"서울 경기 새벽배송 / 전국택배 (제주 및 도서산간 불가) [월 · 화 · 수 · 목 · 금 · 토] 수령 가능한 상품입니다.","delivery_fee":"2,500원 (40,000원 이상 구매 시 무료)","prices":["3,300원"],"detail_section":["http://public.codesquad.kr/jk/storeapp/data/detail/H602F/670e7deefe1d84a4f4e058655fbd4d7c.jpg","http://public.codesquad.kr/jk/storeapp/data/detail/H602F/1898cda038e92454395b8ffca8cd4393.jpg","http://public.codesquad.kr/jk/storeapp/data/detail/H602F/49516d302dad870fbdd75cf98a01eae4.jpg","http://public.codesquad.kr/jk/storeapp/data/detail/H602F/c1bb6fe4f72fcea27ea989ae48c61c86.jpg","http://public.codesquad.kr/jk/storeapp/data/detail/H602F/49afed8d3ec417b39ce8de456fc6661c.jpg","http://public.codesquad.kr/jk/storeapp/data/detail/H602F/e62762e63f3e12dc2857a065badf1eea.jpg","http://public.codesquad.kr/jk/storeapp/data/detail/H602F/31103ab946bff52b709ec6891e768c05.jpg","http://public.codesquad.kr/jk/storeapp/data/detail/H602F/f84dc16f4f6d97661bd13d587a72d6b1.jpg","http://public.codesquad.kr/jk/storeapp/data/detail/H602F/fd3f49614f731a0610a5409c0deb3c60.jpg"]}},{"hash":"H9F0B","data":{"top_image":"http://public.codesquad.kr/jk/storeapp/data/d0b5d2be962947d9534e2140d1b34b2d.jpg","thumb_images":["http://public.codesquad.kr/jk/storeapp/data/d0b5d2be962947d9534e2140d1b34b2d.jpg","http://public.codesquad.kr/jk/storeapp/data/detail/H602F/edc6bae2e2663f05b4e8eb5a2b95d68f.jpg","http://public.codesquad.kr/jk/storeapp/data/detail/H602F/c935f5913dc66b11ebceeef85485c438.jpg","http://public.codesquad.kr/jk/storeapp/data/detail/H602F/7c1e24867611394f04b37d05593e21ba.jpg"],"product_description":"쉽게 접할수 없는 꼬순내가득 갈치포 무침","point":"70원","delivery_info":"서울 경기 새벽배송 / 전국택배 (제주 및 도서산간 불가) [화 · 수 · 목 · 금 · 토] 수령 가능한 상품입니다.","delivery_fee":"2,500원 (40,000원 이상 구매 시 무료)","prices":["7,000원"],"detail_section":["http://public.codesquad.kr/jk/storeapp/data/detail/H602F/670e7deefe1d84a4f4e058655fbd4d7c.jpg","http://public.codesquad.kr/jk/storeapp/data/detail/H602F/1898cda038e92454395b8ffca8cd4393.jpg","http://public.codesquad.kr/jk/storeapp/data/detail/H602F/49516d302dad870fbdd75cf98a01eae4.jpg","http://public.codesquad.kr/jk/storeapp/data/detail/H602F/c1bb6fe4f72fcea27ea989ae48c61c86.jpg","http://public.codesquad.kr/jk/storeapp/data/detail/H602F/49afed8d3ec417b39ce8de456fc6661c.jpg","http://public.codesquad.kr/jk/storeapp/data/detail/H602F/e62762e63f3e12dc2857a065badf1eea.jpg","http://public.codesquad.kr/jk/storeapp/data/detail/H602F/31103ab946bff52b709ec6891e768c05.jpg","http://public.codesquad.kr/jk/storeapp/data/detail/H602F/f84dc16f4f6d97661bd13d587a72d6b1.jpg","http://public.codesquad.kr/jk/storeapp/data/detail/H602F/fd3f49614f731a0610a5409c0deb3c60.jpg"]}},{"hash":"H0FC6","data":{"top_image":"http://public.codesquad.kr/jk/storeapp/data/detail/H0FC6/43c38eeffa556554c9b06301eb3e85b2.jpg","thumb_images":["http://public.codesquad.kr/jk/storeapp/data/detail/H0FC6/43c38eeffa556554c9b06301eb3e85b2.jpg","http://public.codesquad.kr/jk/storeapp/data/detail/H0FC6/92f556b605c4a84813070d7214c4f336.jpg","http://public.codesquad.kr/jk/storeapp/data/detail/H0FC6/538b8ab021c7814aa4af860d94f81287.jpg","http://public.codesquad.kr/jk/storeapp/data/detail/H0FC6/adaef08ab0680b087096afa0f0070fad.jpg"],"product_description":"밥반찬은 물론 안주로도 잘 어울려요 :-)","point":"39원","delivery_info":"서울 경기 새벽배송 / 전국택배 (제주 및 도서산간 불가) [월 · 화 · 수 · 목 · 금 · 토] 수령 가능한 상품입니다.","delivery_fee":"2,500원 (40,000원 이상 구매 시 무료)","prices":["3,900원"],"detail_section":["http://public.codesquad.kr/jk/storeapp/data/detail/H0FC6/341b8605fa224ec1808c4f169097d170.jpg","http://public.codesquad.kr/jk/storeapp/data/detail/H0FC6/0228d4cb660a3cca06952917bd024dcb.jpg","http://public.codesquad.kr/jk/storeapp/data/detail/H0FC6/e027227f61a93b6473e8c4bbd5c3de74.jpg","http://public.codesquad.kr/jk/storeapp/data/detail/H0FC6/03ac0b09199421bb61727c667c2361f6.jpg","http://public.codesquad.kr/jk/storeapp/data/detail/H0FC6/cbe4a3e12b7bdba5cf410e0e19dcf1ca.jpg","http://public.codesquad.kr/jk/storeapp/data/detail/H0FC6/b58fa5791b67db106524b48442cb1c6a.jpg","http://public.codesquad.kr/jk/storeapp/data/detail/H0FC6/82cfe0332f0e1c927a23b79f1d152430.jpg","http://public.codesquad.kr/jk/storeapp/data/detail/H0FC6/390ca9ad5a574cbe7f3f6e26871f6690.jpg","http://public.codesquad.kr/jk/storeapp/data/detail/H0FC6/e113889a6120357c8e6196802a9f155b.jpg","http://public.codesquad.kr/jk/storeapp/data/detail/H0FC6/967e8e1ef357e9722b796e2bcb09ba3d.jpg"]}},{"hash":"HCCFE","data":{"top_image":"http://public.codesquad.kr/jk/storeapp/data/757878b14ee5a8d5af905c154fc38f01.jpg","thumb_images":["http://public.codesquad.kr/jk/storeapp/data/757878b14ee5a8d5af905c154fc38f01.jpg","http://public.codesquad.kr/jk/storeapp/data/detail/H0FC6/92f556b605c4a84813070d7214c4f336.jpg","http://public.codesquad.kr/jk/storeapp/data/detail/H0FC6/538b8ab021c7814aa4af860d94f81287.jpg","http://public.codesquad.kr/jk/storeapp/data/detail/H0FC6/adaef08ab0680b087096afa0f0070fad.jpg"],"product_description":"칼로리 부담 쭉쭉 내린","point":"58원","delivery_info":"서울 경기 새벽배송 / 전국택배 (제주 및 도서산간 불가) [월 · 화 · 수 · 목 · 금 · 토] 수령 가능한 상품입니다.","delivery_fee":"2,500원 (40,000원 이상 구매 시 무료)","prices":["5,800원"],"detail_section":["http://public.codesquad.kr/jk/storeapp/data/detail/H0FC6/341b8605fa224ec1808c4f169097d170.jpg","http://public.codesquad.kr/jk/storeapp/data/detail/H0FC6/0228d4cb660a3cca06952917bd024dcb.jpg","http://public.codesquad.kr/jk/storeapp/data/detail/H0FC6/e027227f61a93b6473e8c4bbd5c3de74.jpg","http://public.codesquad.kr/jk/storeapp/data/detail/H0FC6/03ac0b09199421bb61727c667c2361f6.jpg","http://public.codesquad.kr/jk/storeapp/data/detail/H0FC6/cbe4a3e12b7bdba5cf410e0e19dcf1ca.jpg","http://public.codesquad.kr/jk/storeapp/data/detail/H0FC6/b58fa5791b67db106524b48442cb1c6a.jpg","http://public.codesquad.kr/jk/storeapp/data/detail/H0FC6/82cfe0332f0e1c927a23b79f1d152430.jpg","http://public.codesquad.kr/jk/storeapp/data/detail/H0FC6/390ca9ad5a574cbe7f3f6e26871f6690.jpg","http://public.codesquad.kr/jk/storeapp/data/detail/H0FC6/e113889a6120357c8e6196802a9f155b.jpg","http://public.codesquad.kr/jk/storeapp/data/detail/H0FC6/967e8e1ef357e9722b796e2bcb09ba3d.jpg"]}},{"hash":"HB9C1","data":{"top_image":"http://public.codesquad.kr/jk/storeapp/data/detail/H0FC6/43c38eeffa556554c9b06301eb3e85b2.jpg","thumb_images":["http://public.codesquad.kr/jk/storeapp/data/detail/H0FC6/43c38eeffa556554c9b06301eb3e85b2.jpg","http://public.codesquad.kr/jk/storeapp/data/detail/H0FC6/92f556b605c4a84813070d7214c4f336.jpg","http://public.codesquad.kr/jk/storeapp/data/detail/H0FC6/538b8ab021c7814aa4af860d94f81287.jpg","http://public.codesquad.kr/jk/storeapp/data/detail/H0FC6/adaef08ab0680b087096afa0f0070fad.jpg"],"product_description":"고소한 양념 때문에 손이 자꾸 가요","point":"45원","delivery_info":"서울 경기 새벽배송 / 전국택배 (제주 및 도서산간 불가) [화 · 수 · 목 · 금 · 토] 수령 가능한 상품입니다.","delivery_fee":"2,500원 (40,000원 이상 구매 시 무료)","prices":["4,500원"],"detail_section":["http://public.codesquad.kr/jk/storeapp/data/detail/H0FC6/341b8605fa224ec1808c4f169097d170.jpg","http://public.codesquad.kr/jk/storeapp/data/detail/H0FC6/0228d4cb660a3cca06952917bd024dcb.jpg","http://public.codesquad.kr/jk/storeapp/data/detail/H0FC6/e027227f61a93b6473e8c4bbd5c3de74.jpg","http://public.codesquad.kr/jk/storeapp/data/detail/H0FC6/03ac0b09199421bb61727c667c2361f6.jpg","http://public.codesquad.kr/jk/storeapp/data/detail/H0FC6/cbe4a3e12b7bdba5cf410e0e19dcf1ca.jpg","http://public.codesquad.kr/jk/storeapp/data/detail/H0FC6/b58fa5791b67db106524b48442cb1c6a.jpg","http://public.codesquad.kr/jk/storeapp/data/detail/H0FC6/82cfe0332f0e1c927a23b79f1d152430.jpg","http://public.codesquad.kr/jk/storeapp/data/detail/H0FC6/390ca9ad5a574cbe7f3f6e26871f6690.jpg","http://public.codesquad.kr/jk/storeapp/data/detail/H0FC6/e113889a6120357c8e6196802a9f155b.jpg","http://public.codesquad.kr/jk/storeapp/data/detail/H0FC6/967e8e1ef357e9722b796e2bcb09ba3d.jpg"]}}]},[Date:"Tue, 21 Apr 2020 04:54:42 GMT", Content-Type:"application/json", Content-Length:"47979", Connection:"keep-alive", x-amzn-RequestId:"a057b1f5-30d6-4c86-9007-2c496705235c", Access-Control-Allow-Origin:"*", x-amz-apigw-id:"LUhm5EcioE0FmdA=", X-Amzn-Trace-Id:"Root=1-5e9e7c92-f7b3af22308e9d8a66bec584;Sampled=0"]>
imgUrl : http://public.codesquad.kr/jk/storeapp/data/detail/HBDEF/4cce011a4a352c22cd399a60271b4921.jpg
imgUrl : http://public.codesquad.kr/jk/storeapp/data/detail/HBDEF/6ef14155afc5b47e8c9efd762f7a6096.jpg
imgUrl : http://public.codesquad.kr/jk/storeapp/data/detail/HBDEF/8744504ff3bc315f901dca1f26fe63a1.jpg
imgUrl : http://public.codesquad.kr/jk/storeapp/data/detail/HBDEF/e30bd6de9340fc05db3cd1d1329b2c56.jpg
imgUrl : http://public.codesquad.kr/jk/storeapp/data/detail/HBDEF/4cce011a4a352c22cd399a60271b4921.jpg
imgUrl : http://public.codesquad.kr/jk/storeapp/data/detail/HBDEF/6ef14155afc5b47e8c9efd762f7a6096.jpg
imgUrl : http://public.codesquad.kr/jk/storeapp/data/detail/HBDEF/8744504ff3bc315f901dca1f26fe63a1.jpg
imgUrl : http://public.codesquad.kr/jk/storeapp/data/detail/HBDEF/e30bd6de9340fc05db3cd1d1329b2c56.jpg
imgUrl : http://public.codesquad.kr/jk/storeapp/data/detail/HBDEF/4cce011a4a352c22cd399a60271b4921.jpg
imgUrl : http://public.codesquad.kr/jk/storeapp/data/detail/HBDEF/6ef14155afc5b47e8c9efd762f7a6096.jpg
imgUrl : http://public.codesquad.kr/jk/storeapp/data/detail/HBDEF/8744504ff3bc315f901dca1f26fe63a1.jpg
imgUrl : http://public.codesquad.kr/jk/storeapp/data/detail/HBDEF/e30bd6de9340fc05db3cd1d1329b2c56.jpg
imgUrl : http://public.codesquad.kr/jk/storeapp/data/detail/HBDEF/4cce011a4a352c22cd399a60271b4921.jpg
imgUrl : http://public.codesquad.kr/jk/storeapp/data/detail/HBDEF/6ef14155afc5b47e8c9efd762f7a6096.jpg
imgUrl : http://public.codesquad.kr/jk/storeapp/data/detail/HBDEF/8744504ff3bc315f901dca1f26fe63a1.jpg
imgUrl : http://public.codesquad.kr/jk/storeapp/data/detail/HBDEF/e30bd6de9340fc05db3cd1d1329b2c56.jpg
imgUrl : http://public.codesquad.kr/jk/storeapp/data/detail/HDF73/0f95f44ea8e2e7930321def493753a48.jpg
imgUrl : http://public.codesquad.kr/jk/storeapp/data/detail/HDF73/2d408898494ac950d7d2cfd6c36d59c2.jpg
imgUrl : http://public.codesquad.kr/jk/storeapp/data/detail/HDF73/62c8bb77facfc9c3be81f9bf45b27f2a.jpg
imgUrl : http://public.codesquad.kr/jk/storeapp/data/detail/HDF73/f6d73afc0ebc1efa71eaea32e9d846f2.jpg
imgUrl : http://public.codesquad.kr/jk/storeapp/data/cad8eee316cf7151e07638aa57b32a9d.jpg
imgUrl : http://public.codesquad.kr/jk/storeapp/data/detail/HDF73/2d408898494ac950d7d2cfd6c36d59c2.jpg
imgUrl : http://public.codesquad.kr/jk/storeapp/data/detail/HDF73/62c8bb77facfc9c3be81f9bf45b27f2a.jpg
imgUrl : http://public.codesquad.kr/jk/storeapp/data/detail/HDF73/f6d73afc0ebc1efa71eaea32e9d846f2.jpg
imgUrl : http://public.codesquad.kr/jk/storeapp/data/b6beada6b89af950289003d929936d9c.jpg
imgUrl : http://public.codesquad.kr/jk/storeapp/data/detail/HDF73/2d408898494ac950d7d2cfd6c36d59c2.jpg
imgUrl : http://public.codesquad.kr/jk/storeapp/data/detail/HDF73/62c8bb77facfc9c3be81f9bf45b27f2a.jpg
imgUrl : http://public.codesquad.kr/jk/storeapp/data/detail/HDF73/f6d73afc0ebc1efa71eaea32e9d846f2.jpg
imgUrl : http://public.codesquad.kr/jk/storeapp/data/0221110ead70dfd455e40703bbdd6252.jpg
imgUrl : http://public.codesquad.kr/jk/storeapp/data/detail/HDF73/2d408898494ac950d7d2cfd6c36d59c2.jpg
imgUrl : http://public.codesquad.kr/jk/storeapp/data/detail/HDF73/62c8bb77facfc9c3be81f9bf45b27f2a.jpg
imgUrl : http://public.codesquad.kr/jk/storeapp/data/detail/HDF73/f6d73afc0ebc1efa71eaea32e9d846f2.jpg
imgUrl : http://public.codesquad.kr/jk/storeapp/data/385f4106ac26f6e4fe7c640714f405a5.jpg
imgUrl : http://public.codesquad.kr/jk/storeapp/data/detail/HDF73/2d408898494ac950d7d2cfd6c36d59c2.jpg
imgUrl : http://public.codesquad.kr/jk/storeapp/data/detail/HDF73/62c8bb77facfc9c3be81f9bf45b27f2a.jpg
imgUrl : http://public.codesquad.kr/jk/storeapp/data/detail/HDF73/f6d73afc0ebc1efa71eaea32e9d846f2.jpg
imgUrl : http://public.codesquad.kr/jk/storeapp/data/2455226945d52f5aefd51f35d663bb16.jpg
imgUrl : http://public.codesquad.kr/jk/storeapp/data/detail/HDF73/2d408898494ac950d7d2cfd6c36d59c2.jpg
imgUrl : http://public.codesquad.kr/jk/storeapp/data/detail/HDF73/62c8bb77facfc9c3be81f9bf45b27f2a.jpg
imgUrl : http://public.codesquad.kr/jk/storeapp/data/detail/HDF73/f6d73afc0ebc1efa71eaea32e9d846f2.jpg
imgUrl : http://public.codesquad.kr/jk/storeapp/data/2455226945d52f5aefd51f35d663bb16.jpg
imgUrl : http://public.codesquad.kr/jk/storeapp/data/detail/HDF73/2d408898494ac950d7d2cfd6c36d59c2.jpg
imgUrl : http://public.codesquad.kr/jk/storeapp/data/detail/HDF73/62c8bb77facfc9c3be81f9bf45b27f2a.jpg
imgUrl : http://public.codesquad.kr/jk/storeapp/data/detail/HDF73/f6d73afc0ebc1efa71eaea32e9d846f2.jpg
imgUrl : http://public.codesquad.kr/jk/storeapp/data/d1fccf125f0a78113d0e06cb888f2e74.jpg
imgUrl : http://public.codesquad.kr/jk/storeapp/data/detail/H0FC6/92f556b605c4a84813070d7214c4f336.jpg
imgUrl : http://public.codesquad.kr/jk/storeapp/data/detail/H0FC6/538b8ab021c7814aa4af860d94f81287.jpg
imgUrl : http://public.codesquad.kr/jk/storeapp/data/detail/H0FC6/adaef08ab0680b087096afa0f0070fad.jpg
imgUrl : http://public.codesquad.kr/jk/storeapp/data/c069bc32cb37727c59e1f0c2839311a0.jpg
imgUrl : http://public.codesquad.kr/jk/storeapp/data/detail/H602F/edc6bae2e2663f05b4e8eb5a2b95d68f.jpg
imgUrl : http://public.codesquad.kr/jk/storeapp/data/detail/H602F/c935f5913dc66b11ebceeef85485c438.jpg
imgUrl : http://public.codesquad.kr/jk/storeapp/data/detail/H602F/7c1e24867611394f04b37d05593e21ba.jpg
imgUrl : http://public.codesquad.kr/jk/storeapp/data/detail/HAA47/4e96f386d5a5c4459bc0ac6ffd0c1fce.jpg
imgUrl : http://public.codesquad.kr/jk/storeapp/data/detail/HAA47/00327d0df92e29bad02e7387349bed53.jpg
imgUrl : http://public.codesquad.kr/jk/storeapp/data/detail/HAA47/781fea32c56eb102429902a2f62cbaf3.jpg
imgUrl : http://public.codesquad.kr/jk/storeapp/data/detail/HAA47/4e96f386d5a5c4459bc0ac6ffd0c1fce.jpg
imgUrl : http://public.codesquad.kr/jk/storeapp/data/detail/HAA47/00327d0df92e29bad02e7387349bed53.jpg
imgUrl : http://public.codesquad.kr/jk/storeapp/data/detail/HAA47/781fea32c56eb102429902a2f62cbaf3.jpg
imgUrl : http://public.codesquad.kr/jk/storeapp/data/detail/HAA47/4e96f386d5a5c4459bc0ac6ffd0c1fce.jpg
imgUrl : http://public.codesquad.kr/jk/storeapp/data/detail/HAA47/00327d0df92e29bad02e7387349bed53.jpg
imgUrl : http://public.codesquad.kr/jk/storeapp/data/detail/HAA47/781fea32c56eb102429902a2f62cbaf3.jpg
imgUrl : http://public.codesquad.kr/jk/storeapp/data/detail/HAA47/4e96f386d5a5c4459bc0ac6ffd0c1fce.jpg
imgUrl : http://public.codesquad.kr/jk/storeapp/data/detail/HAA47/00327d0df92e29bad02e7387349bed53.jpg
imgUrl : http://public.codesquad.kr/jk/storeapp/data/detail/HAA47/781fea32c56eb102429902a2f62cbaf3.jpg
imgUrl : http://public.codesquad.kr/jk/storeapp/data/detail/H26C7/2ad963a9f63d371826748c852a0025c3.jpg
imgUrl : http://public.codesquad.kr/jk/storeapp/data/detail/H26C7/f945d8ac1dccc3f931bcaf35de5de582.jpg
imgUrl : http://public.codesquad.kr/jk/storeapp/data/detail/H26C7/bacb0b8186371bfafbd92dbeec718e13.jpg
imgUrl : http://public.codesquad.kr/jk/storeapp/data/detail/H26C7/b96b02e9a956c6d5ad1e10eb14ba81e0.jpg
imgUrl : http://public.codesquad.kr/jk/storeapp/data/detail/H26C7/2ad963a9f63d371826748c852a0025c3.jpg
imgUrl : http://public.codesquad.kr/jk/storeapp/data/detail/H26C7/f945d8ac1dccc3f931bcaf35de5de582.jpg
imgUrl : http://public.codesquad.kr/jk/storeapp/data/detail/H26C7/bacb0b8186371bfafbd92dbeec718e13.jpg
imgUrl : http://public.codesquad.kr/jk/storeapp/data/detail/H26C7/b96b02e9a956c6d5ad1e10eb14ba81e0.jpg
imgUrl : http://public.codesquad.kr/jk/storeapp/data/detail/H26C7/2ad963a9f63d371826748c852a0025c3.jpg
imgUrl : http://public.codesquad.kr/jk/storeapp/data/detail/H26C7/f945d8ac1dccc3f931bcaf35de5de582.jpg
imgUrl : http://public.codesquad.kr/jk/storeapp/data/detail/H26C7/bacb0b8186371bfafbd92dbeec718e13.jpg
imgUrl : http://public.codesquad.kr/jk/storeapp/data/detail/H26C7/b96b02e9a956c6d5ad1e10eb14ba81e0.jpg
imgUrl : http://public.codesquad.kr/jk/storeapp/data/e5646e5fc09a01a9243979b229e0572b.jpg
imgUrl : http://public.codesquad.kr/jk/storeapp/data/detail/H26C7/f945d8ac1dccc3f931bcaf35de5de582.jpg
imgUrl : http://public.codesquad.kr/jk/storeapp/data/detail/H26C7/bacb0b8186371bfafbd92dbeec718e13.jpg
imgUrl : http://public.codesquad.kr/jk/storeapp/data/detail/H26C7/b96b02e9a956c6d5ad1e10eb14ba81e0.jpg
imgUrl : http://public.codesquad.kr/jk/storeapp/data/4cfd1954861ebd18b5b53e558a8e902e.jpg
imgUrl : http://public.codesquad.kr/jk/storeapp/data/detail/H602F/edc6bae2e2663f05b4e8eb5a2b95d68f.jpg
imgUrl : http://public.codesquad.kr/jk/storeapp/data/detail/H602F/c935f5913dc66b11ebceeef85485c438.jpg
imgUrl : http://public.codesquad.kr/jk/storeapp/data/detail/H602F/7c1e24867611394f04b37d05593e21ba.jpg
imgUrl : http://public.codesquad.kr/jk/storeapp/data/detail/H602F/c8c8045696b4692107ef28c8b445ca42.jpg
imgUrl : http://public.codesquad.kr/jk/storeapp/data/detail/H602F/edc6bae2e2663f05b4e8eb5a2b95d68f.jpg
imgUrl : http://public.codesquad.kr/jk/storeapp/data/detail/H602F/c935f5913dc66b11ebceeef85485c438.jpg
imgUrl : http://public.codesquad.kr/jk/storeapp/data/detail/H602F/7c1e24867611394f04b37d05593e21ba.jpg
imgUrl : http://public.codesquad.kr/jk/storeapp/data/d0b5d2be962947d9534e2140d1b34b2d.jpg
imgUrl : http://public.codesquad.kr/jk/storeapp/data/detail/H602F/edc6bae2e2663f05b4e8eb5a2b95d68f.jpg
imgUrl : http://public.codesquad.kr/jk/storeapp/data/detail/H602F/c935f5913dc66b11ebceeef85485c438.jpg
imgUrl : http://public.codesquad.kr/jk/storeapp/data/detail/H602F/7c1e24867611394f04b37d05593e21ba.jpg
imgUrl : http://public.codesquad.kr/jk/storeapp/data/detail/H0FC6/43c38eeffa556554c9b06301eb3e85b2.jpg
imgUrl : http://public.codesquad.kr/jk/storeapp/data/detail/H0FC6/92f556b605c4a84813070d7214c4f336.jpg
imgUrl : http://public.codesquad.kr/jk/storeapp/data/detail/H0FC6/538b8ab021c7814aa4af860d94f81287.jpg
imgUrl : http://public.codesquad.kr/jk/storeapp/data/detail/H0FC6/adaef08ab0680b087096afa0f0070fad.jpg
imgUrl : http://public.codesquad.kr/jk/storeapp/data/757878b14ee5a8d5af905c154fc38f01.jpg
imgUrl : http://public.codesquad.kr/jk/storeapp/data/detail/H0FC6/92f556b605c4a84813070d7214c4f336.jpg
imgUrl : http://public.codesquad.kr/jk/storeapp/data/detail/H0FC6/538b8ab021c7814aa4af860d94f81287.jpg
imgUrl : http://public.codesquad.kr/jk/storeapp/data/detail/H0FC6/adaef08ab0680b087096afa0f0070fad.jpg
imgUrl : http://public.codesquad.kr/jk/storeapp/data/detail/H0FC6/43c38eeffa556554c9b06301eb3e85b2.jpg
imgUrl : http://public.codesquad.kr/jk/storeapp/data/detail/H0FC6/92f556b605c4a84813070d7214c4f336.jpg
imgUrl : http://public.codesquad.kr/jk/storeapp/data/detail/H0FC6/538b8ab021c7814aa4af860d94f81287.jpg
imgUrl : http://public.codesquad.kr/jk/storeapp/data/detail/H0FC6/adaef08ab0680b087096afa0f0070fad.jpg
]]></system-out>
  <system-err><![CDATA[]]></system-err>
</testsuite>
